Installing Valyze Credit Report... 
Started at: 30/05/2026 17:10:13.09 
 
[1/8] Checking Python 3.12... 
Python 3.12.9
      Python 3.12 OK 
[2/8] Checking Node.js... 
v22.14.0
      Node.js OK 
[3/8] Installing Python packages... 
WARNING: Ignoring invalid distribution ~ip (C:\Users\mosun\AppData\Local\Programs\Python\Python312\Lib\site-packages)
Requirement already satisfied: fastapi in C:\Users\mosun\AppData\Local\Programs\Python\Python312\Lib\site-packages (from -r requirements.txt (line 1)) (0.109.0)
Requirement already satisfied: uvicorn in C:\Users\mosun\AppData\Local\Programs\Python\Python312\Lib\site-packages (from -r requirements.txt (line 2)) (0.27.0)
Requirement already satisfied: python-multipart in C:\Users\mosun\AppData\Local\Programs\Python\Python312\Lib\site-packages (from -r requirements.txt (line 3)) (0.0.6)
Requirement already satisfied: pydantic in C:\Users\mosun\AppData\Local\Programs\Python\Python312\Lib\site-packages (from -r requirements.txt (line 4)) (2.13.1)
Requirement already satisfied: sqlalchemy in C:\Users\mosun\AppData\Local\Programs\Python\Python312\Lib\site-packages (from -r requirements.txt (line 5)) (2.0.25)
Requirement already satisfied: aiosqlite in C:\Users\mosun\AppData\Local\Programs\Python\Python312\Lib\site-packages (from -r requirements.txt (line 6)) (0.22.1)
Requirement already satisfied: asyncpg in C:\Users\mosun\AppData\Local\Programs\Python\Python312\Lib\site-packages (from -r requirements.txt (line 7)) (0.29.0)
Requirement already satisfied: python-dotenv in C:\Users\mosun\AppData\Local\Programs\Python\Python312\Lib\site-packages (from -r requirements.txt (line 8)) (1.2.2)
Requirement already satisfied: httpx in C:\Users\mosun\AppData\Local\Programs\Python\Python312\Lib\site-packages (from -r requirements.txt (line 9)) (0.26.0)
Requirement already satisfied: aiohttp in C:\Users\mosun\AppData\Local\Programs\Python\Python312\Lib\site-packages (from -r requirements.txt (line 10)) (3.13.3)
Requirement already satisfied: requests in C:\Users\mosun\AppData\Local\Programs\Python\Python312\Lib\site-packages (from -r requirements.txt (line 11)) (2.32.5)
Requirement already satisfied: pystache==0.6.5 in C:\Users\mosun\AppData\Local\Programs\Python\Python312\Lib\site-packages (from -r requirements.txt (line 12)) (0.6.5)
Requirement already satisfied: pypdf in C:\Users\mosun\AppData\Local\Programs\Python\Python312\Lib\site-packages (from -r requirements.txt (line 13)) (5.9.0)
Requirement already satisfied: python-docx in C:\Users\mosun\AppData\Local\Programs\Python\Python312\Lib\site-packages (from -r requirements.txt (line 14)) (1.2.0)
Requirement already satisfied: pytesseract in C:\Users\mosun\AppData\Local\Programs\Python\Python312\Lib\site-packages (from -r requirements.txt (line 15)) (0.3.13)
Requirement already satisfied: Pillow in C:\Users\mosun\AppData\Local\Programs\Python\Python312\Lib\site-packages (from -r requirements.txt (line 16)) (12.1.1)
Requirement already satisfied: rank-bm25 in C:\Users\mosun\AppData\Local\Programs\Python\Python312\Lib\site-packages (from -r requirements.txt (line 17)) (0.2.2)
Requirement already satisfied: playwright in C:\Users\mosun\AppData\Local\Programs\Python\Python312\Lib\site-packages (from -r requirements.txt (line 18)) (1.58.0)
Requirement already satisfied: pdfplumber in C:\Users\mosun\AppData\Local\Programs\Python\Python312\Lib\site-packages (from -r requirements.txt (line 19)) (0.11.9)
Requirement already satisfied: opencv-python-headless in C:\Users\mosun\AppData\Local\Programs\Python\Python312\Lib\site-packages (from -r requirements.txt (line 20)) (4.13.0.92)
Requirement already satisfied: langdetect in C:\Users\mosun\AppData\Local\Programs\Python\Python312\Lib\site-packages (from -r requirements.txt (line 21)) (1.0.9)
Requirement already satisfied: greenlet==3.1.1 in C:\Users\mosun\AppData\Local\Programs\Python\Python312\Lib\site-packages (from -r requirements.txt (line 22)) (3.1.1)
Requirement already satisfied: psutil in C:\Users\mosun\AppData\Local\Programs\Python\Python312\Lib\site-packages (from -r requirements.txt (line 23)) (7.2.2)
Requirement already satisfied: pdf2image in C:\Users\mosun\AppData\Local\Programs\Python\Python312\Lib\site-packages (from -r requirements.txt (line 24)) (1.17.0)
Requirement already satisfied: camelot-py in C:\Users\mosun\AppData\Local\Programs\Python\Python312\Lib\site-packages (from -r requirements.txt (line 25)) (1.0.9)
Requirement already satisfied: ghostscript in C:\Users\mosun\AppData\Local\Programs\Python\Python312\Lib\site-packages (from -r requirements.txt (line 26)) (0.8.1)
Requirement already satisfied: chevron in C:\Users\mosun\AppData\Local\Programs\Python\Python312\Lib\site-packages (from -r requirements.txt (line 27)) (0.14.0)
Requirement already satisfied: openpyxl in C:\Users\mosun\AppData\Local\Programs\Python\Python312\Lib\site-packages (from -r requirements.txt (line 28)) (3.1.5)
Requirement already satisfied: lxml in C:\Users\mosun\AppData\Local\Programs\Python\Python312\Lib\site-packages (from -r requirements.txt (line 29)) (6.0.2)
Requirement already satisfied: supabase in C:\Users\mosun\AppData\Local\Programs\Python\Python312\Lib\site-packages (from -r requirements.txt (line 30)) (2.28.3)
Requirement already satisfied: slowapi in C:\Users\mosun\AppData\Local\Programs\Python\Python312\Lib\site-packages (from -r requirements.txt (line 31)) (0.1.9)
Requirement already satisfied: python-jose[cryptography] in C:\Users\mosun\AppData\Local\Programs\Python\Python312\Lib\site-packages (from -r requirements.txt (line 32)) (3.3.0)
Requirement already satisfied: starlette<0.36.0,>=0.35.0 in C:\Users\mosun\AppData\Local\Programs\Python\Python312\Lib\site-packages (from fastapi->-r requirements.txt (line 1)) (0.35.1)
Requirement already satisfied: typing-extensions>=4.8.0 in C:\Users\mosun\AppData\Local\Programs\Python\Python312\Lib\site-packages (from fastapi->-r requirements.txt (line 1)) (4.15.0)
Requirement already satisfied: annotated-types>=0.6.0 in C:\Users\mosun\AppData\Local\Programs\Python\Python312\Lib\site-packages (from pydantic->-r requirements.txt (line 4)) (0.7.0)
Requirement already satisfied: pydantic-core==2.46.1 in C:\Users\mosun\AppData\Local\Programs\Python\Python312\Lib\site-packages (from pydantic->-r requirements.txt (line 4)) (2.46.1)
Requirement already satisfied: typing-inspection>=0.4.2 in C:\Users\mosun\AppData\Local\Programs\Python\Python312\Lib\site-packages (from pydantic->-r requirements.txt (line 4)) (0.4.2)
Requirement already satisfied: anyio<5,>=3.4.0 in C:\Users\mosun\AppData\Local\Programs\Python\Python312\Lib\site-packages (from starlette<0.36.0,>=0.35.0->fastapi->-r requirements.txt (line 1)) (4.12.1)
Requirement already satisfied: idna>=2.8 in C:\Users\mosun\AppData\Local\Programs\Python\Python312\Lib\site-packages (from anyio<5,>=3.4.0->starlette<0.36.0,>=0.35.0->fastapi->-r requirements.txt (line 1)) (3.11)
Requirement already satisfied: click>=7.0 in C:\Users\mosun\AppData\Local\Programs\Python\Python312\Lib\site-packages (from uvicorn->-r requirements.txt (line 2)) (8.3.1)
Requirement already satisfied: h11>=0.8 in C:\Users\mosun\AppData\Local\Programs\Python\Python312\Lib\site-packages (from uvicorn->-r requirements.txt (line 2)) (0.16.0)
Requirement already satisfied: certifi in C:\Users\mosun\AppData\Local\Programs\Python\Python312\Lib\site-packages (from httpx->-r requirements.txt (line 9)) (2026.2.25)
Requirement already satisfied: httpcore==1.* in C:\Users\mosun\AppData\Local\Programs\Python\Python312\Lib\site-packages (from httpx->-r requirements.txt (line 9)) (1.0.9)
Requirement already satisfied: sniffio in C:\Users\mosun\AppData\Local\Programs\Python\Python312\Lib\site-packages (from httpx->-r requirements.txt (line 9)) (1.3.1)
Requirement already satisfied: aiohappyeyeballs>=2.5.0 in C:\Users\mosun\AppData\Local\Programs\Python\Python312\Lib\site-packages (from aiohttp->-r requirements.txt (line 10)) (2.6.1)
Requirement already satisfied: aiosignal>=1.4.0 in C:\Users\mosun\AppData\Local\Programs\Python\Python312\Lib\site-packages (from aiohttp->-r requirements.txt (line 10)) (1.4.0)
Requirement already satisfied: attrs>=17.3.0 in C:\Users\mosun\AppData\Local\Programs\Python\Python312\Lib\site-packages (from aiohttp->-r requirements.txt (line 10)) (25.4.0)
Requirement already satisfied: frozenlist>=1.1.1 in C:\Users\mosun\AppData\Local\Programs\Python\Python312\Lib\site-packages (from aiohttp->-r requirements.txt (line 10)) (1.8.0)
Requirement already satisfied: multidict<7.0,>=4.5 in C:\Users\mosun\AppData\Local\Programs\Python\Python312\Lib\site-packages (from aiohttp->-r requirements.txt (line 10)) (6.7.1)
Requirement already satisfied: propcache>=0.2.0 in C:\Users\mosun\AppData\Local\Programs\Python\Python312\Lib\site-packages (from aiohttp->-r requirements.txt (line 10)) (0.4.1)
Requirement already satisfied: yarl<2.0,>=1.17.0 in C:\Users\mosun\AppData\Local\Programs\Python\Python312\Lib\site-packages (from aiohttp->-r requirements.txt (line 10)) (1.23.0)
Requirement already satisfied: charset_normalizer<4,>=2 in C:\Users\mosun\AppData\Local\Programs\Python\Python312\Lib\site-packages (from requests->-r requirements.txt (line 11)) (3.4.4)
Requirement already satisfied: urllib3<3,>=1.21.1 in C:\Users\mosun\AppData\Local\Programs\Python\Python312\Lib\site-packages (from requests->-r requirements.txt (line 11)) (2.6.3)
Requirement already satisfied: packaging>=21.3 in C:\Users\mosun\AppData\Local\Programs\Python\Python312\Lib\site-packages (from pytesseract->-r requirements.txt (line 15)) (23.2)
Requirement already satisfied: numpy in C:\Users\mosun\AppData\Local\Programs\Python\Python312\Lib\site-packages (from rank-bm25->-r requirements.txt (line 17)) (2.4.4)
Requirement already satisfied: pyee<14,>=13 in C:\Users\mosun\AppData\Local\Programs\Python\Python312\Lib\site-packages (from playwright->-r requirements.txt (line 18)) (13.0.1)
Requirement already satisfied: pdfminer.six==20251230 in C:\Users\mosun\AppData\Local\Programs\Python\Python312\Lib\site-packages (from pdfplumber->-r requirements.txt (line 19)) (20251230)
Requirement already satisfied: pypdfium2>=4.18.0 in C:\Users\mosun\AppData\Local\Programs\Python\Python312\Lib\site-packages (from pdfplumber->-r requirements.txt (line 19)) (5.5.0)
Requirement already satisfied: cryptography>=36.0.0 in C:\Users\mosun\AppData\Local\Programs\Python\Python312\Lib\site-packages (from pdfminer.six==20251230->pdfplumber->-r requirements.txt (line 19)) (46.0.5)
Requirement already satisfied: six in C:\Users\mosun\AppData\Local\Programs\Python\Python312\Lib\site-packages (from langdetect->-r requirements.txt (line 21)) (1.16.0)
Requirement already satisfied: chardet>=5.1.0 in C:\Users\mosun\AppData\Local\Programs\Python\Python312\Lib\site-packages (from camelot-py->-r requirements.txt (line 25)) (7.0.1)
Requirement already satisfied: pandas>=2.2.2 in C:\Users\mosun\AppData\Local\Programs\Python\Python312\Lib\site-packages (from camelot-py->-r requirements.txt (line 25)) (3.0.1)
Requirement already satisfied: tabulate>=0.9.0 in C:\Users\mosun\AppData\Local\Programs\Python\Python312\Lib\site-packages (from camelot-py->-r requirements.txt (line 25)) (0.10.0)
Requirement already satisfied: et-xmlfile in C:\Users\mosun\AppData\Local\Programs\Python\Python312\Lib\site-packages (from openpyxl->-r requirements.txt (line 28)) (2.0.0)
Requirement already satisfied: realtime==2.28.3 in C:\Users\mosun\AppData\Local\Programs\Python\Python312\Lib\site-packages (from supabase->-r requirements.txt (line 30)) (2.28.3)
Requirement already satisfied: supabase-functions==2.28.3 in C:\Users\mosun\AppData\Local\Programs\Python\Python312\Lib\site-packages (from supabase->-r requirements.txt (line 30)) (2.28.3)
Requirement already satisfied: storage3==2.28.3 in C:\Users\mosun\AppData\Local\Programs\Python\Python312\Lib\site-packages (from supabase->-r requirements.txt (line 30)) (2.28.3)
Requirement already satisfied: supabase-auth==2.28.3 in C:\Users\mosun\AppData\Local\Programs\Python\Python312\Lib\site-packages (from supabase->-r requirements.txt (line 30)) (2.28.3)
Requirement already satisfied: postgrest==2.28.3 in C:\Users\mosun\AppData\Local\Programs\Python\Python312\Lib\site-packages (from supabase->-r requirements.txt (line 30)) (2.28.3)
Requirement already satisfied: deprecation>=2.1.0 in C:\Users\mosun\AppData\Local\Programs\Python\Python312\Lib\site-packages (from postgrest==2.28.3->supabase->-r requirements.txt (line 30)) (2.1.0)
Requirement already satisfied: websockets<16,>=11 in C:\Users\mosun\AppData\Local\Programs\Python\Python312\Lib\site-packages (from realtime==2.28.3->supabase->-r requirements.txt (line 30)) (15.0.1)
Requirement already satisfied: pyiceberg>=0.10.0 in C:\Users\mosun\AppData\Local\Programs\Python\Python312\Lib\site-packages (from storage3==2.28.3->supabase->-r requirements.txt (line 30)) (0.11.1)
Requirement already satisfied: pyjwt>=2.10.1 in C:\Users\mosun\AppData\Local\Programs\Python\Python312\Lib\site-packages (from pyjwt[crypto]>=2.10.1->supabase-auth==2.28.3->supabase->-r requirements.txt (line 30)) (2.12.1)
Requirement already satisfied: strenum>=0.4.15 in C:\Users\mosun\AppData\Local\Programs\Python\Python312\Lib\site-packages (from supabase-functions==2.28.3->supabase->-r requirements.txt (line 30)) (0.4.15)
Requirement already satisfied: h2<5,>=3 in C:\Users\mosun\AppData\Local\Programs\Python\Python312\Lib\site-packages (from httpx[http2]<0.29,>=0.26->postgrest==2.28.3->supabase->-r requirements.txt (line 30)) (4.3.0)
Requirement already satisfied: hyperframe<7,>=6.1 in C:\Users\mosun\AppData\Local\Programs\Python\Python312\Lib\site-packages (from h2<5,>=3->httpx[http2]<0.29,>=0.26->postgrest==2.28.3->supabase->-r requirements.txt (line 30)) (6.1.0)
Requirement already satisfied: hpack<5,>=4.1 in C:\Users\mosun\AppData\Local\Programs\Python\Python312\Lib\site-packages (from h2<5,>=3->httpx[http2]<0.29,>=0.26->postgrest==2.28.3->supabase->-r requirements.txt (line 30)) (4.1.0)
Requirement already satisfied: limits>=2.3 in C:\Users\mosun\AppData\Local\Programs\Python\Python312\Lib\site-packages (from slowapi->-r requirements.txt (line 31)) (5.8.0)
Requirement already satisfied: ecdsa!=0.15 in C:\Users\mosun\AppData\Local\Programs\Python\Python312\Lib\site-packages (from python-jose[cryptography]->-r requirements.txt (line 32)) (0.19.2)
Requirement already satisfied: rsa in C:\Users\mosun\AppData\Local\Programs\Python\Python312\Lib\site-packages (from python-jose[cryptography]->-r requirements.txt (line 32)) (4.9.1)
Requirement already satisfied: pyasn1 in C:\Users\mosun\AppData\Local\Programs\Python\Python312\Lib\site-packages (from python-jose[cryptography]->-r requirements.txt (line 32)) (0.6.3)
Requirement already satisfied: colorama in C:\Users\mosun\AppData\Local\Programs\Python\Python312\Lib\site-packages (from click>=7.0->uvicorn->-r requirements.txt (line 2)) (0.4.6)
Requirement already satisfied: cffi>=2.0.0 in C:\Users\mosun\AppData\Local\Programs\Python\Python312\Lib\site-packages (from cryptography>=36.0.0->pdfminer.six==20251230->pdfplumber->-r requirements.txt (line 19)) (2.0.0)
Requirement already satisfied: pycparser in C:\Users\mosun\AppData\Local\Programs\Python\Python312\Lib\site-packages (from cffi>=2.0.0->cryptography>=36.0.0->pdfminer.six==20251230->pdfplumber->-r requirements.txt (line 19)) (3.0)
Requirement already satisfied: deprecated>=1.2 in C:\Users\mosun\AppData\Local\Programs\Python\Python312\Lib\site-packages (from limits>=2.3->slowapi->-r requirements.txt (line 31)) (1.3.1)
Requirement already satisfied: wrapt<3,>=1.10 in C:\Users\mosun\AppData\Local\Programs\Python\Python312\Lib\site-packages (from deprecated>=1.2->limits>=2.3->slowapi->-r requirements.txt (line 31)) (2.1.2)
Requirement already satisfied: python-dateutil>=2.8.2 in C:\Users\mosun\AppData\Local\Programs\Python\Python312\Lib\site-packages (from pandas>=2.2.2->camelot-py->-r requirements.txt (line 25)) (2.9.0.post0)
Requirement already satisfied: tzdata in C:\Users\mosun\AppData\Local\Programs\Python\Python312\Lib\site-packages (from pandas>=2.2.2->camelot-py->-r requirements.txt (line 25)) (2025.3)
Requirement already satisfied: mmh3<6.0.0,>=4.0.0 in C:\Users\mosun\AppData\Local\Programs\Python\Python312\Lib\site-packages (from pyiceberg>=0.10.0->storage3==2.28.3->supabase->-r requirements.txt (line 30)) (5.2.1)
Requirement already satisfied: rich<15.0.0,>=10.11.0 in C:\Users\mosun\AppData\Local\Programs\Python\Python312\Lib\site-packages (from pyiceberg>=0.10.0->storage3==2.28.3->supabase->-r requirements.txt (line 30)) (14.3.4)
Requirement already satisfied: strictyaml<2.0.0,>=1.7.0 in C:\Users\mosun\AppData\Local\Programs\Python\Python312\Lib\site-packages (from pyiceberg>=0.10.0->storage3==2.28.3->supabase->-r requirements.txt (line 30)) (1.7.3)
Requirement already satisfied: fsspec>=2023.1.0 in C:\Users\mosun\AppData\Local\Programs\Python\Python312\Lib\site-packages (from pyiceberg>=0.10.0->storage3==2.28.3->supabase->-r requirements.txt (line 30)) (2026.3.0)
Requirement already satisfied: pyparsing<4.0.0,>=3.1.0 in C:\Users\mosun\AppData\Local\Programs\Python\Python312\Lib\site-packages (from pyiceberg>=0.10.0->storage3==2.28.3->supabase->-r requirements.txt (line 30)) (3.3.2)
Requirement already satisfied: tenacity<10.0.0,>=8.2.3 in C:\Users\mosun\AppData\Local\Programs\Python\Python312\Lib\site-packages (from pyiceberg>=0.10.0->storage3==2.28.3->supabase->-r requirements.txt (line 30)) (9.1.4)
Requirement already satisfied: pyroaring<2.0.0,>=1.0.0 in C:\Users\mosun\AppData\Local\Programs\Python\Python312\Lib\site-packages (from pyiceberg>=0.10.0->storage3==2.28.3->supabase->-r requirements.txt (line 30)) (1.0.4)
Requirement already satisfied: cachetools<7.0,>=5.5 in C:\Users\mosun\AppData\Local\Programs\Python\Python312\Lib\site-packages (from pyiceberg>=0.10.0->storage3==2.28.3->supabase->-r requirements.txt (line 30)) (6.2.6)
Requirement already satisfied: zstandard<1.0.0,>=0.13.0 in C:\Users\mosun\AppData\Local\Programs\Python\Python312\Lib\site-packages (from pyiceberg>=0.10.0->storage3==2.28.3->supabase->-r requirements.txt (line 30)) (0.25.0)
Requirement already satisfied: markdown-it-py>=2.2.0 in C:\Users\mosun\AppData\Local\Programs\Python\Python312\Lib\site-packages (from rich<15.0.0,>=10.11.0->pyiceberg>=0.10.0->storage3==2.28.3->supabase->-r requirements.txt (line 30)) (4.0.0)
Requirement already satisfied: pygments<3.0.0,>=2.13.0 in C:\Users\mosun\AppData\Local\Programs\Python\Python312\Lib\site-packages (from rich<15.0.0,>=10.11.0->pyiceberg>=0.10.0->storage3==2.28.3->supabase->-r requirements.txt (line 30)) (2.20.0)
Requirement already satisfied: mdurl~=0.1 in C:\Users\mosun\AppData\Local\Programs\Python\Python312\Lib\site-packages (from markdown-it-py>=2.2.0->rich<15.0.0,>=10.11.0->pyiceberg>=0.10.0->storage3==2.28.3->supabase->-r requirements.txt (line 30)) (0.1.2)
WARNING: Ignoring invalid distribution ~ip (C:\Users\mosun\AppData\Local\Programs\Python\Python312\Lib\site-packages)
WARNING: Ignoring invalid distribution ~ip (C:\Users\mosun\AppData\Local\Programs\Python\Python312\Lib\site-packages)
      Python packages OK 
[4/8] Installing Playwright Chromium browser... 
      Playwright OK 
[5/8] Installing Valyze Extractor Node packages... 

up to date, audited 189 packages in 2s

30 packages are looking for funding
  run `npm fund` for details

7 vulnerabilities (6 moderate, 1 high)

To address issues that do not require attention, run:
  npm audit fix

To address all issues (including breaking changes), run:
  npm audit fix --force

Run `npm audit` for details.
      Valyze Extractor OK 
[6/8] Installing Frontend Node packages... 

up to date, audited 248 packages in 1s

55 packages are looking for funding
  run `npm fund` for details

found 0 vulnerabilities
      Node packages OK 
[7/8] Creating directories... 
      Directories OK 
[8/8] Verifying installation... 
  FastAPI OK
  Pydantic OK
  pystache OK
  httpx OK
  BM25 OK
  OpenCV OK
  Pillow OK
  pypdf OK
  pdfplumber OK
  Playwright OK
 
[OPTIONAL] Checking Tesseract OCR... 
      Tesseract OK 
 
